        45 (3, 2)(5, 1)
        56 (2, 3)(7, 1)
         9 (3, 2)
         6 (2, 1)(3, 1)
         4 (2, 2)
        10 (2, 1)(5, 1)
        11 (11, 1)
       245 (5, 1)(7, 2)
       678 (2, 1)(3, 1)(113, 1)
       900 (2, 2)(3, 2)(5, 2)
         1 
         1 
         1 
         1 
         1 
         1 
         1 
         1 
         1 
         1 
         1 
         1 
         1 
         1 
         1 
         1 
         1 
         1 
         1 
         1 
         1 
         1 
         1 
